wandb: Currently logged in as: aaryan04 (madronapixact). Use `wandb login --relogin` to force relogin
wandb: wandb version 0.16.5 is available!  To upgrade, please run:
wandb:  $ pip install wandb --upgrade
wandb: Tracking run with wandb version 0.15.8
wandb: Run data is saved locally in /home/groups/pavone/RL-EAMOD/private-RL-EAMOD-Personal/gnn-rl-for-eamod-main/mpc_baselines/wandb/run-20240329_022534-flxmid8y
wandb: Run `wandb offline` to turn off syncing.
wandb: Syncing run NY_mpc_horizon_1_entire_problem_../data/NY/5/NYC_5.json_heuristic_graph_RL_approach_constraint_new
wandb: ⭐️ View project at https://wandb.ai/madronapixact/e-amod
wandb: 🚀 View run at https://wandb.ai/madronapixact/e-amod/runs/flxmid8y
Traceback (most recent call last):
  File "/home/groups/pavone/RL-EAMOD/private-RL-EAMOD-Personal/gnn-rl-for-eamod-main/mpc_baselines/main_mpc.py", line 206, in <module>
    paxAction, rebAction = mpc.MPC_exact()
  File "/home/groups/pavone/RL-EAMOD/private-RL-EAMOD-Personal/gnn-rl-for-eamod-main/mpc_baselines/MPC.py", line 25, in MPC_exact
    paxAction, rebAction = solve_mpc(env=self.env, gurobi_env=self.gurobi_env, mpc_horizon=self.mpc_horizon, return_initial_state=self.return_to_initial_state, noisy=self.noisy)
  File "/home/groups/pavone/RL-EAMOD/private-RL-EAMOD-Personal/gnn-rl-for-eamod-main/mpc_baselines/MPC_gurobi.py", line 98, in solve_mpc
    m.addConstr(sum(acc[n][mpc_horizon - 1] * (n[1]/env.scenario.number_charge_levels) * 100 for n in env.nodes) >= initial_charge_in_system)
  File "src/gurobipy/model.pxi", line 3668, in gurobipy.Model.addConstr
TypeError: unsupported operand type(s) for -: 'bool' and 'NoneType'
wandb: Waiting for W&B process to finish... (failed 1). Press Control-C to abort syncing.
wandb: 🚀 View run NY_mpc_horizon_1_entire_problem_../data/NY/5/NYC_5.json_heuristic_graph_RL_approach_constraint_new at: https://wandb.ai/madronapixact/e-amod/runs/flxmid8y
wandb: ️⚡ View job at https://wandb.ai/madronapixact/e-amod/jobs/QXJ0aWZhY3RDb2xsZWN0aW9uOjE1MTQ2NjUzMw==/version_details/v17
wandb: Synced 6 W&B file(s), 0 media file(s), 2 artifact file(s) and 0 other file(s)
wandb: Find logs at: ./wandb/run-20240329_022534-flxmid8y/logs
wandb: Currently logged in as: aaryan04 (madronapixact). Use `wandb login --relogin` to force relogin
wandb: wandb version 0.16.5 is available!  To upgrade, please run:
wandb:  $ pip install wandb --upgrade
wandb: Tracking run with wandb version 0.15.8
wandb: Run data is saved locally in /home/groups/pavone/RL-EAMOD/private-RL-EAMOD-Personal/gnn-rl-for-eamod-main/mpc_baselines/wandb/run-20240329_022605-kye9p9rl
wandb: Run `wandb offline` to turn off syncing.
wandb: Syncing run SF_mpc_horizon_1_entire_problem_../data/SF/5/SF_5.json_heuristic_graph_RL_approach_constraint_new
wandb: ⭐️ View project at https://wandb.ai/madronapixact/e-amod
wandb: 🚀 View run at https://wandb.ai/madronapixact/e-amod/runs/kye9p9rl
Traceback (most recent call last):
  File "/home/groups/pavone/RL-EAMOD/private-RL-EAMOD-Personal/gnn-rl-for-eamod-main/mpc_baselines/main_mpc.py", line 206, in <module>
    paxAction, rebAction = mpc.MPC_exact()
  File "/home/groups/pavone/RL-EAMOD/private-RL-EAMOD-Personal/gnn-rl-for-eamod-main/mpc_baselines/MPC.py", line 25, in MPC_exact
    paxAction, rebAction = solve_mpc(env=self.env, gurobi_env=self.gurobi_env, mpc_horizon=self.mpc_horizon, return_initial_state=self.return_to_initial_state, noisy=self.noisy)
  File "/home/groups/pavone/RL-EAMOD/private-RL-EAMOD-Personal/gnn-rl-for-eamod-main/mpc_baselines/MPC_gurobi.py", line 98, in solve_mpc
    m.addConstr(sum(acc[n][mpc_horizon - 1] * (n[1]/env.scenario.number_charge_levels) * 100 for n in env.nodes) >= initial_charge_in_system)
  File "src/gurobipy/model.pxi", line 3668, in gurobipy.Model.addConstr
TypeError: unsupported operand type(s) for -: 'bool' and 'NoneType'
wandb: Waiting for W&B process to finish... (failed 1). Press Control-C to abort syncing.
wandb: 🚀 View run SF_mpc_horizon_1_entire_problem_../data/SF/5/SF_5.json_heuristic_graph_RL_approach_constraint_new at: https://wandb.ai/madronapixact/e-amod/runs/kye9p9rl
wandb: ️⚡ View job at https://wandb.ai/madronapixact/e-amod/jobs/QXJ0aWZhY3RDb2xsZWN0aW9uOjE1MTQ2NjUzMw==/version_details/v17
wandb: Synced 6 W&B file(s), 0 media file(s), 0 artifact file(s) and 0 other file(s)
wandb: Find logs at: ./wandb/run-20240329_022605-kye9p9rl/logs
wandb: Currently logged in as: aaryan04 (madronapixact). Use `wandb login --relogin` to force relogin
wandb: wandb version 0.16.5 is available!  To upgrade, please run:
wandb:  $ pip install wandb --upgrade
wandb: Tracking run with wandb version 0.15.8
wandb: Run data is saved locally in /home/groups/pavone/RL-EAMOD/private-RL-EAMOD-Personal/gnn-rl-for-eamod-main/mpc_baselines/wandb/run-20240329_022629-e0zhse13
wandb: Run `wandb offline` to turn off syncing.
wandb: Syncing run NY_mpc_horizon_2_entire_problem_../data/NY/5/NYC_5.json_heuristic_graph_RL_approach_constraint_new
wandb: ⭐️ View project at https://wandb.ai/madronapixact/e-amod
wandb: 🚀 View run at https://wandb.ai/madronapixact/e-amod/runs/e0zhse13
Traceback (most recent call last):
  File "/home/groups/pavone/RL-EAMOD/private-RL-EAMOD-Personal/gnn-rl-for-eamod-main/mpc_baselines/main_mpc.py", line 250, in <module>
    reb_time = env.scenario.rebTime[o, d][t]
KeyError: 0
wandb: Waiting for W&B process to finish... (failed 1). Press Control-C to abort syncing.
wandb: 
wandb: Run history:
wandb:     Avg.Time ▁
wandb:    Reb. Cost ▁
wandb:       Reward ▁
wandb: ServedDemand ▁
wandb: 
wandb: Run summary:
wandb:     Avg.Time 4.01643
wandb:    Reb. Cost 5367.32267
wandb:       Reward 78488.63121
wandb: ServedDemand 10237.78123
wandb: 
wandb: 🚀 View run NY_mpc_horizon_2_entire_problem_../data/NY/5/NYC_5.json_heuristic_graph_RL_approach_constraint_new at: https://wandb.ai/madronapixact/e-amod/runs/e0zhse13
wandb: ️⚡ View job at https://wandb.ai/madronapixact/e-amod/jobs/QXJ0aWZhY3RDb2xsZWN0aW9uOjE1MTQ2NjUzMw==/version_details/v18
wandb: Synced 6 W&B file(s), 0 media file(s), 2 artifact file(s) and 0 other file(s)
wandb: Find logs at: ./wandb/run-20240329_022629-e0zhse13/logs
wandb: Currently logged in as: aaryan04 (madronapixact). Use `wandb login --relogin` to force relogin
wandb: wandb version 0.16.5 is available!  To upgrade, please run:
wandb:  $ pip install wandb --upgrade
wandb: Tracking run with wandb version 0.15.8
wandb: Run data is saved locally in /home/groups/pavone/RL-EAMOD/private-RL-EAMOD-Personal/gnn-rl-for-eamod-main/mpc_baselines/wandb/run-20240329_023002-9zgykits
wandb: Run `wandb offline` to turn off syncing.
wandb: Syncing run SF_mpc_horizon_2_entire_problem_../data/SF/5/SF_5.json_heuristic_graph_RL_approach_constraint_new
wandb: ⭐️ View project at https://wandb.ai/madronapixact/e-amod
wandb: 🚀 View run at https://wandb.ai/madronapixact/e-amod/runs/9zgykits
Traceback (most recent call last):
  File "/home/groups/pavone/RL-EAMOD/private-RL-EAMOD-Personal/gnn-rl-for-eamod-main/mpc_baselines/main_mpc.py", line 250, in <module>
    reb_time = env.scenario.rebTime[o, d][t]
KeyError: 0
wandb: Waiting for W&B process to finish... (failed 1). Press Control-C to abort syncing.
wandb: 
wandb: Run history:
wandb:     Avg.Time ▁
wandb:    Reb. Cost ▁
wandb:       Reward ▁
wandb: ServedDemand ▁
wandb: 
wandb: Run summary:
wandb:     Avg.Time 3.96019
wandb:    Reb. Cost 71140.70896
wandb:       Reward 872768.5525
wandb: ServedDemand 155000.17415
wandb: 
wandb: 🚀 View run SF_mpc_horizon_2_entire_problem_../data/SF/5/SF_5.json_heuristic_graph_RL_approach_constraint_new at: https://wandb.ai/madronapixact/e-amod/runs/9zgykits
wandb: ️⚡ View job at https://wandb.ai/madronapixact/e-amod/jobs/QXJ0aWZhY3RDb2xsZWN0aW9uOjE1MTQ2NjUzMw==/version_details/v18
wandb: Synced 6 W&B file(s), 0 media file(s), 0 artifact file(s) and 0 other file(s)
wandb: Find logs at: ./wandb/run-20240329_023002-9zgykits/logs
wandb: Currently logged in as: aaryan04 (madronapixact). Use `wandb login --relogin` to force relogin
wandb: wandb version 0.16.5 is available!  To upgrade, please run:
wandb:  $ pip install wandb --upgrade
wandb: Tracking run with wandb version 0.15.8
wandb: Run data is saved locally in /home/groups/pavone/RL-EAMOD/private-RL-EAMOD-Personal/gnn-rl-for-eamod-main/mpc_baselines/wandb/run-20240329_023332-8k97gih1
wandb: Run `wandb offline` to turn off syncing.
wandb: Syncing run NY_mpc_horizon_3_entire_problem_../data/NY/5/NYC_5.json_heuristic_graph_RL_approach_constraint_new
wandb: ⭐️ View project at https://wandb.ai/madronapixact/e-amod
wandb: 🚀 View run at https://wandb.ai/madronapixact/e-amod/runs/8k97gih1
Traceback (most recent call last):
  File "/home/groups/pavone/RL-EAMOD/private-RL-EAMOD-Personal/gnn-rl-for-eamod-main/mpc_baselines/main_mpc.py", line 250, in <module>
    reb_time = env.scenario.rebTime[o, d][t]
KeyError: 0
wandb: Waiting for W&B process to finish... (failed 1). Press Control-C to abort syncing.
wandb: 
wandb: Run history:
wandb:     Avg.Time ▁
wandb:    Reb. Cost ▁
wandb:       Reward ▁
wandb: ServedDemand ▁
wandb: 
wandb: Run summary:
wandb:     Avg.Time 5.83778
wandb:    Reb. Cost 5512.33713
wandb:       Reward 79993.48085
wandb: ServedDemand 10449.64265
wandb: 
wandb: 🚀 View run NY_mpc_horizon_3_entire_problem_../data/NY/5/NYC_5.json_heuristic_graph_RL_approach_constraint_new at: https://wandb.ai/madronapixact/e-amod/runs/8k97gih1
wandb: ️⚡ View job at https://wandb.ai/madronapixact/e-amod/jobs/QXJ0aWZhY3RDb2xsZWN0aW9uOjE1MTQ2NjUzMw==/version_details/v18
wandb: Synced 6 W&B file(s), 0 media file(s), 0 artifact file(s) and 0 other file(s)
wandb: Find logs at: ./wandb/run-20240329_023332-8k97gih1/logs
wandb: Currently logged in as: aaryan04 (madronapixact). Use `wandb login --relogin` to force relogin
wandb: wandb version 0.16.5 is available!  To upgrade, please run:
wandb:  $ pip install wandb --upgrade
wandb: Tracking run with wandb version 0.15.8
wandb: Run data is saved locally in /home/groups/pavone/RL-EAMOD/private-RL-EAMOD-Personal/gnn-rl-for-eamod-main/mpc_baselines/wandb/run-20240329_023822-4vn4w29a
wandb: Run `wandb offline` to turn off syncing.
wandb: Syncing run SF_mpc_horizon_3_entire_problem_../data/SF/5/SF_5.json_heuristic_graph_RL_approach_constraint_new
wandb: ⭐️ View project at https://wandb.ai/madronapixact/e-amod
wandb: 🚀 View run at https://wandb.ai/madronapixact/e-amod/runs/4vn4w29a
Traceback (most recent call last):
  File "/home/groups/pavone/RL-EAMOD/private-RL-EAMOD-Personal/gnn-rl-for-eamod-main/mpc_baselines/main_mpc.py", line 250, in <module>
    reb_time = env.scenario.rebTime[o, d][t]
KeyError: 0
wandb: Waiting for W&B process to finish... (failed 1). Press Control-C to abort syncing.
wandb: 
wandb: Run history:
wandb:     Avg.Time ▁
wandb:    Reb. Cost ▁
wandb:       Reward ▁
wandb: ServedDemand ▁
wandb: 
wandb: Run summary:
wandb:     Avg.Time 5.99973
wandb:    Reb. Cost 73604.17342
wandb:       Reward 895878.74729
wandb: ServedDemand 159251.03733
wandb: 
wandb: 🚀 View run SF_mpc_horizon_3_entire_problem_../data/SF/5/SF_5.json_heuristic_graph_RL_approach_constraint_new at: https://wandb.ai/madronapixact/e-amod/runs/4vn4w29a
wandb: ️⚡ View job at https://wandb.ai/madronapixact/e-amod/jobs/QXJ0aWZhY3RDb2xsZWN0aW9uOjE1MTQ2NjUzMw==/version_details/v18
wandb: Synced 6 W&B file(s), 0 media file(s), 0 artifact file(s) and 0 other file(s)
wandb: Find logs at: ./wandb/run-20240329_023822-4vn4w29a/logs
wandb: Currently logged in as: aaryan04 (madronapixact). Use `wandb login --relogin` to force relogin
wandb: wandb version 0.16.5 is available!  To upgrade, please run:
wandb:  $ pip install wandb --upgrade
wandb: Tracking run with wandb version 0.15.8
wandb: Run data is saved locally in /home/groups/pavone/RL-EAMOD/private-RL-EAMOD-Personal/gnn-rl-for-eamod-main/mpc_baselines/wandb/run-20240329_024320-ad3cbukz
wandb: Run `wandb offline` to turn off syncing.
wandb: Syncing run NY_mpc_horizon_4_entire_problem_../data/NY/5/NYC_5.json_heuristic_graph_RL_approach_constraint_new
wandb: ⭐️ View project at https://wandb.ai/madronapixact/e-amod
wandb: 🚀 View run at https://wandb.ai/madronapixact/e-amod/runs/ad3cbukz
Traceback (most recent call last):
  File "/home/groups/pavone/RL-EAMOD/private-RL-EAMOD-Personal/gnn-rl-for-eamod-main/mpc_baselines/main_mpc.py", line 250, in <module>
    reb_time = env.scenario.rebTime[o, d][t]
KeyError: 0
wandb: Waiting for W&B process to finish... (failed 1). Press Control-C to abort syncing.
wandb: 
wandb: Run history:
wandb:     Avg.Time ▁
wandb:    Reb. Cost ▁
wandb:       Reward ▁
wandb: ServedDemand ▁
wandb: 
wandb: Run summary:
wandb:     Avg.Time 7.90707
wandb:    Reb. Cost 5531.67022
wandb:       Reward 80222.76263
wandb: ServedDemand 10480.92343
wandb: 
wandb: 🚀 View run NY_mpc_horizon_4_entire_problem_../data/NY/5/NYC_5.json_heuristic_graph_RL_approach_constraint_new at: https://wandb.ai/madronapixact/e-amod/runs/ad3cbukz
wandb: ️⚡ View job at https://wandb.ai/madronapixact/e-amod/jobs/QXJ0aWZhY3RDb2xsZWN0aW9uOjE1MTQ2NjUzMw==/version_details/v18
wandb: Synced 6 W&B file(s), 0 media file(s), 0 artifact file(s) and 0 other file(s)
wandb: Find logs at: ./wandb/run-20240329_024320-ad3cbukz/logs
wandb: Currently logged in as: aaryan04 (madronapixact). Use `wandb login --relogin` to force relogin
wandb: wandb version 0.16.5 is available!  To upgrade, please run:
wandb:  $ pip install wandb --upgrade
wandb: Tracking run with wandb version 0.15.8
wandb: Run data is saved locally in /home/groups/pavone/RL-EAMOD/private-RL-EAMOD-Personal/gnn-rl-for-eamod-main/mpc_baselines/wandb/run-20240329_024941-l5x5m2hc
wandb: Run `wandb offline` to turn off syncing.
wandb: Syncing run SF_mpc_horizon_4_entire_problem_../data/SF/5/SF_5.json_heuristic_graph_RL_approach_constraint_new
wandb: ⭐️ View project at https://wandb.ai/madronapixact/e-amod
wandb: 🚀 View run at https://wandb.ai/madronapixact/e-amod/runs/l5x5m2hc
Traceback (most recent call last):
  File "/home/groups/pavone/RL-EAMOD/private-RL-EAMOD-Personal/gnn-rl-for-eamod-main/mpc_baselines/main_mpc.py", line 250, in <module>
    reb_time = env.scenario.rebTime[o, d][t]
KeyError: 0
wandb: Waiting for W&B process to finish... (failed 1). Press Control-C to abort syncing.
wandb: 
wandb: Run history:
wandb:     Avg.Time ▁
wandb:    Reb. Cost ▁
wandb:       Reward ▁
wandb: ServedDemand ▁
wandb: 
wandb: Run summary:
wandb:     Avg.Time 8.21778
wandb:    Reb. Cost 73960.8872
wandb:       Reward 903619.38518
wandb: ServedDemand 160608.24991
wandb: 
wandb: 🚀 View run SF_mpc_horizon_4_entire_problem_../data/SF/5/SF_5.json_heuristic_graph_RL_approach_constraint_new at: https://wandb.ai/madronapixact/e-amod/runs/l5x5m2hc
wandb: ️⚡ View job at https://wandb.ai/madronapixact/e-amod/jobs/QXJ0aWZhY3RDb2xsZWN0aW9uOjE1MTQ2NjUzMw==/version_details/v18
wandb: Synced 6 W&B file(s), 0 media file(s), 0 artifact file(s) and 0 other file(s)
wandb: Find logs at: ./wandb/run-20240329_024941-l5x5m2hc/logs
wandb: Currently logged in as: aaryan04 (madronapixact). Use `wandb login --relogin` to force relogin
wandb: wandb version 0.16.5 is available!  To upgrade, please run:
wandb:  $ pip install wandb --upgrade
wandb: Tracking run with wandb version 0.15.8
wandb: Run data is saved locally in /home/groups/pavone/RL-EAMOD/private-RL-EAMOD-Personal/gnn-rl-for-eamod-main/mpc_baselines/wandb/run-20240329_025614-2uk5mmu8
wandb: Run `wandb offline` to turn off syncing.
wandb: Syncing run NY_mpc_horizon_5_entire_problem_../data/NY/5/NYC_5.json_heuristic_graph_RL_approach_constraint_new
wandb: ⭐️ View project at https://wandb.ai/madronapixact/e-amod
wandb: 🚀 View run at https://wandb.ai/madronapixact/e-amod/runs/2uk5mmu8
Traceback (most recent call last):
  File "/home/groups/pavone/RL-EAMOD/private-RL-EAMOD-Personal/gnn-rl-for-eamod-main/mpc_baselines/main_mpc.py", line 250, in <module>
    reb_time = env.scenario.rebTime[o, d][t]
KeyError: 0
wandb: Waiting for W&B process to finish... (failed 1). Press Control-C to abort syncing.
wandb: 
wandb: Run history:
wandb:     Avg.Time ▁
wandb:    Reb. Cost ▁
wandb:       Reward ▁
wandb: ServedDemand ▁
wandb: 
wandb: Run summary:
wandb:     Avg.Time 9.86705
wandb:    Reb. Cost 5467.34232
wandb:       Reward 80422.64067
wandb: ServedDemand 10497.48861
wandb: 
wandb: 🚀 View run NY_mpc_horizon_5_entire_problem_../data/NY/5/NYC_5.json_heuristic_graph_RL_approach_constraint_new at: https://wandb.ai/madronapixact/e-amod/runs/2uk5mmu8
wandb: ️⚡ View job at https://wandb.ai/madronapixact/e-amod/jobs/QXJ0aWZhY3RDb2xsZWN0aW9uOjE1MTQ2NjUzMw==/version_details/v18
wandb: Synced 6 W&B file(s), 0 media file(s), 0 artifact file(s) and 0 other file(s)
wandb: Find logs at: ./wandb/run-20240329_025614-2uk5mmu8/logs
wandb: Currently logged in as: aaryan04 (madronapixact). Use `wandb login --relogin` to force relogin
wandb: wandb version 0.16.5 is available!  To upgrade, please run:
wandb:  $ pip install wandb --upgrade
wandb: Tracking run with wandb version 0.15.8
wandb: Run data is saved locally in /home/groups/pavone/RL-EAMOD/private-RL-EAMOD-Personal/gnn-rl-for-eamod-main/mpc_baselines/wandb/run-20240329_030352-l2jpafnn
wandb: Run `wandb offline` to turn off syncing.
wandb: Syncing run SF_mpc_horizon_5_entire_problem_../data/SF/5/SF_5.json_heuristic_graph_RL_approach_constraint_new
wandb: ⭐️ View project at https://wandb.ai/madronapixact/e-amod
wandb: 🚀 View run at https://wandb.ai/madronapixact/e-amod/runs/l2jpafnn
Traceback (most recent call last):
  File "/home/groups/pavone/RL-EAMOD/private-RL-EAMOD-Personal/gnn-rl-for-eamod-main/mpc_baselines/main_mpc.py", line 250, in <module>
    reb_time = env.scenario.rebTime[o, d][t]
KeyError: 0
wandb: Waiting for W&B process to finish... (failed 1). Press Control-C to abort syncing.
wandb: 
wandb: Run history:
wandb:     Avg.Time ▁
wandb:    Reb. Cost ▁
wandb:       Reward ▁
wandb: ServedDemand ▁
wandb: 
wandb: Run summary:
wandb:     Avg.Time 10.25033
wandb:    Reb. Cost 73254.79514
wandb:       Reward 907866.07949
wandb: ServedDemand 161183.68134
wandb: 
wandb: 🚀 View run SF_mpc_horizon_5_entire_problem_../data/SF/5/SF_5.json_heuristic_graph_RL_approach_constraint_new at: https://wandb.ai/madronapixact/e-amod/runs/l2jpafnn
wandb: ️⚡ View job at https://wandb.ai/madronapixact/e-amod/jobs/QXJ0aWZhY3RDb2xsZWN0aW9uOjE1MTQ2NjUzMw==/version_details/v18
wandb: Synced 6 W&B file(s), 0 media file(s), 0 artifact file(s) and 0 other file(s)
wandb: Find logs at: ./wandb/run-20240329_030352-l2jpafnn/logs
wandb: Currently logged in as: aaryan04 (madronapixact). Use `wandb login --relogin` to force relogin
wandb: wandb version 0.16.5 is available!  To upgrade, please run:
wandb:  $ pip install wandb --upgrade
wandb: Tracking run with wandb version 0.15.8
wandb: Run data is saved locally in /home/groups/pavone/RL-EAMOD/private-RL-EAMOD-Personal/gnn-rl-for-eamod-main/mpc_baselines/wandb/run-20240329_031145-7wl4qei2
wandb: Run `wandb offline` to turn off syncing.
wandb: Syncing run NY_mpc_horizon_48_entire_problem_../data/NY/5/NYC_5.json_heuristic_graph_RL_approach_constraint_new
wandb: ⭐️ View project at https://wandb.ai/madronapixact/e-amod
wandb: 🚀 View run at https://wandb.ai/madronapixact/e-amod/runs/7wl4qei2
Traceback (most recent call last):
  File "/home/groups/pavone/RL-EAMOD/private-RL-EAMOD-Personal/gnn-rl-for-eamod-main/mpc_baselines/main_mpc.py", line 250, in <module>
    reb_time = env.scenario.rebTime[o, d][t]
KeyError: 0
wandb: Waiting for W&B process to finish... (failed 1). Press Control-C to abort syncing.
wandb: 
wandb: Run history:
wandb:     Avg.Time ▁
wandb:    Reb. Cost ▁
wandb:       Reward ▁
wandb: ServedDemand ▁
wandb: 
wandb: Run summary:
wandb:     Avg.Time 97.1816
wandb:    Reb. Cost 4184.67796
wandb:       Reward 81672.6509
wandb: ServedDemand 10493.94821
wandb: 
wandb: 🚀 View run NY_mpc_horizon_48_entire_problem_../data/NY/5/NYC_5.json_heuristic_graph_RL_approach_constraint_new at: https://wandb.ai/madronapixact/e-amod/runs/7wl4qei2
wandb: ️⚡ View job at https://wandb.ai/madronapixact/e-amod/jobs/QXJ0aWZhY3RDb2xsZWN0aW9uOjE1MTQ2NjUzMw==/version_details/v18
wandb: Synced 6 W&B file(s), 0 media file(s), 0 artifact file(s) and 0 other file(s)
wandb: Find logs at: ./wandb/run-20240329_031145-7wl4qei2/logs
wandb: Currently logged in as: aaryan04 (madronapixact). Use `wandb login --relogin` to force relogin
wandb: wandb version 0.16.5 is available!  To upgrade, please run:
wandb:  $ pip install wandb --upgrade
wandb: Tracking run with wandb version 0.15.8
wandb: Run data is saved locally in /home/groups/pavone/RL-EAMOD/private-RL-EAMOD-Personal/gnn-rl-for-eamod-main/mpc_baselines/wandb/run-20240329_031344-z91rdftx
wandb: Run `wandb offline` to turn off syncing.
wandb: Syncing run SF_mpc_horizon_48_entire_problem_../data/SF/5/SF_5.json_heuristic_graph_RL_approach_constraint_new
wandb: ⭐️ View project at https://wandb.ai/madronapixact/e-amod
wandb: 🚀 View run at https://wandb.ai/madronapixact/e-amod/runs/z91rdftx
Traceback (most recent call last):
  File "/home/groups/pavone/RL-EAMOD/private-RL-EAMOD-Personal/gnn-rl-for-eamod-main/mpc_baselines/main_mpc.py", line 250, in <module>
    reb_time = env.scenario.rebTime[o, d][t]
KeyError: 0
wandb: Waiting for W&B process to finish... (failed 1). Press Control-C to abort syncing.
wandb: 
wandb: Run history:
wandb:     Avg.Time ▁
wandb:    Reb. Cost ▁
wandb:       Reward ▁
wandb: ServedDemand ▁
wandb: 
wandb: Run summary:
wandb:     Avg.Time 98.42687
wandb:    Reb. Cost 64298.3474
wandb:       Reward 917181.02122
wandb: ServedDemand 161318.9761
wandb: 
wandb: 🚀 View run SF_mpc_horizon_48_entire_problem_../data/SF/5/SF_5.json_heuristic_graph_RL_approach_constraint_new at: https://wandb.ai/madronapixact/e-amod/runs/z91rdftx
wandb: ️⚡ View job at https://wandb.ai/madronapixact/e-amod/jobs/QXJ0aWZhY3RDb2xsZWN0aW9uOjE1MTQ2NjUzMw==/version_details/v18
wandb: Synced 6 W&B file(s), 0 media file(s), 0 artifact file(s) and 0 other file(s)
wandb: Find logs at: ./wandb/run-20240329_031344-z91rdftx/logs
Exception in thread ChkStopThr:
Traceback (most recent call last):
  File "/home/users/aaryan04/miniconda3/lib/python3.10/threading.py", line 1016, in _bootstrap_inner
    self.run()
  File "/home/users/aaryan04/miniconda3/lib/python3.10/threading.py", line 953, in run
    self._target(*self._args, **self._kwargs)
  File "/home/users/aaryan04/miniconda3/lib/python3.10/site-packages/wandb/sdk/wandb_run.py", line 274, in check_stop_status
    self._loop_check_status(
  File "/home/users/aaryan04/miniconda3/lib/python3.10/site-packages/wandb/sdk/wandb_run.py", line 212, in _loop_check_status
    local_handle = request()
  File "/home/users/aaryan04/miniconda3/lib/python3.10/site-packages/wandb/sdk/interface/interface.py", line 856, in deliver_stop_status
    return self._deliver_stop_status(status)
  File "/home/users/aaryan04/miniconda3/lib/python3.10/site-packages/wandb/sdk/interface/interface_shared.py", line 594, in _deliver_stop_status
    return self._deliver_record(record)
  File "/home/users/aaryan04/miniconda3/lib/python3.10/site-packages/wandb/sdk/interface/interface_shared.py", line 569, in _deliver_record
    handle = mailbox._deliver_record(record, interface=self)
  File "/home/users/aaryan04/miniconda3/lib/python3.10/site-packages/wandb/sdk/lib/mailbox.py", line 455, in _deliver_record
    interface._publish(record)
  File "/home/users/aaryan04/miniconda3/lib/python3.10/site-packages/wandb/sdk/interface/interface_sock.py", line 51, in _publish
    self._sock_client.send_record_publish(record)
  File "/home/users/aaryan04/miniconda3/lib/python3.10/site-packages/wandb/sdk/lib/sock_client.py", line 221, in send_record_publish
    self.send_server_request(server_req)
  File "/home/users/aaryan04/miniconda3/lib/python3.10/site-packages/wandb/sdk/lib/sock_client.py", line 155, in send_server_request
    self._send_message(msg)
  File "/home/users/aaryan04/miniconda3/lib/python3.10/site-packages/wandb/sdk/lib/sock_client.py", line 152, in _send_message
    self._sendall_with_error_handle(header + data)
  File "/home/users/aaryan04/miniconda3/lib/python3.10/site-packages/wandb/sdk/lib/sock_client.py", line 130, in _sendall_with_error_handle
    sent = self._sock.send(data)
BrokenPipeError: [Errno 32] Broken pipe
wandb: Currently logged in as: aaryan04 (madronapixact). Use `wandb login --relogin` to force relogin
wandb: wandb version 0.16.5 is available!  To upgrade, please run:
wandb:  $ pip install wandb --upgrade
wandb: Tracking run with wandb version 0.15.8
wandb: Run data is saved locally in /home/groups/pavone/RL-EAMOD/private-RL-EAMOD-Personal/gnn-rl-for-eamod-main/mpc_baselines/wandb/run-20240329_031546-20z601kg
wandb: Run `wandb offline` to turn off syncing.
wandb: Syncing run NY_mpc_horizon_1_entire_problem_../data/NY/10/NYC_10.json_heuristic_graph_RL_approach_constraint_new
wandb: ⭐️ View project at https://wandb.ai/madronapixact/e-amod
wandb: 🚀 View run at https://wandb.ai/madronapixact/e-amod/runs/20z601kg
Traceback (most recent call last):
  File "/home/groups/pavone/RL-EAMOD/private-RL-EAMOD-Personal/gnn-rl-for-eamod-main/mpc_baselines/main_mpc.py", line 206, in <module>
    paxAction, rebAction = mpc.MPC_exact()
  File "/home/groups/pavone/RL-EAMOD/private-RL-EAMOD-Personal/gnn-rl-for-eamod-main/mpc_baselines/MPC.py", line 25, in MPC_exact
    paxAction, rebAction = solve_mpc(env=self.env, gurobi_env=self.gurobi_env, mpc_horizon=self.mpc_horizon, return_initial_state=self.return_to_initial_state, noisy=self.noisy)
  File "/home/groups/pavone/RL-EAMOD/private-RL-EAMOD-Personal/gnn-rl-for-eamod-main/mpc_baselines/MPC_gurobi.py", line 98, in solve_mpc
    m.addConstr(sum(acc[n][mpc_horizon - 1] * (n[1]/env.scenario.number_charge_levels) * 100 for n in env.nodes) >= initial_charge_in_system)
  File "src/gurobipy/model.pxi", line 3668, in gurobipy.Model.addConstr
TypeError: unsupported operand type(s) for -: 'bool' and 'NoneType'
wandb: Waiting for W&B process to finish... (failed 1). Press Control-C to abort syncing.
wandb: - 0.004 MB of 0.004 MB uploaded (0.000 MB deduped)wandb: \ 0.004 MB of 0.004 MB uploaded (0.000 MB deduped)wandb: | 0.004 MB of 0.004 MB uploaded (0.000 MB deduped)wandb: / 0.004 MB of 0.004 MB uploaded (0.000 MB deduped)wandb: - 0.004 MB of 0.004 MB uploaded (0.000 MB deduped)wandb: \ 0.004 MB of 0.004 MB uploaded (0.000 MB deduped)wandb: | 0.004 MB of 0.004 MB uploaded (0.000 MB deduped)wandb: / 0.004 MB of 0.004 MB uploaded (0.000 MB deduped)wandb: - 0.004 MB of 0.004 MB uploaded (0.000 MB deduped)wandb: 🚀 View run NY_mpc_horizon_1_entire_problem_../data/NY/10/NYC_10.json_heuristic_graph_RL_approach_constraint_new at: https://wandb.ai/madronapixact/e-amod/runs/20z601kg
wandb: ️⚡ View job at https://wandb.ai/madronapixact/e-amod/jobs/QXJ0aWZhY3RDb2xsZWN0aW9uOjE1MTQ2NjUzMw==/version_details/v19
wandb: Synced 6 W&B file(s), 0 media file(s), 2 artifact file(s) and 0 other file(s)
wandb: Find logs at: ./wandb/run-20240329_031546-20z601kg/logs
wandb: Currently logged in as: aaryan04 (madronapixact). Use `wandb login --relogin` to force relogin
wandb: wandb version 0.16.5 is available!  To upgrade, please run:
wandb:  $ pip install wandb --upgrade
wandb: Tracking run with wandb version 0.15.8
wandb: Run data is saved locally in /home/groups/pavone/RL-EAMOD/private-RL-EAMOD-Personal/gnn-rl-for-eamod-main/mpc_baselines/wandb/run-20240329_031624-tvkk071h
wandb: Run `wandb offline` to turn off syncing.
wandb: Syncing run SF_mpc_horizon_1_entire_problem_../data/SF/10/SF_10.json_heuristic_graph_RL_approach_constraint_new
wandb: ⭐️ View project at https://wandb.ai/madronapixact/e-amod
wandb: 🚀 View run at https://wandb.ai/madronapixact/e-amod/runs/tvkk071h
Traceback (most recent call last):
  File "/home/groups/pavone/RL-EAMOD/private-RL-EAMOD-Personal/gnn-rl-for-eamod-main/mpc_baselines/main_mpc.py", line 206, in <module>
    paxAction, rebAction = mpc.MPC_exact()
  File "/home/groups/pavone/RL-EAMOD/private-RL-EAMOD-Personal/gnn-rl-for-eamod-main/mpc_baselines/MPC.py", line 25, in MPC_exact
    paxAction, rebAction = solve_mpc(env=self.env, gurobi_env=self.gurobi_env, mpc_horizon=self.mpc_horizon, return_initial_state=self.return_to_initial_state, noisy=self.noisy)
  File "/home/groups/pavone/RL-EAMOD/private-RL-EAMOD-Personal/gnn-rl-for-eamod-main/mpc_baselines/MPC_gurobi.py", line 98, in solve_mpc
    m.addConstr(sum(acc[n][mpc_horizon - 1] * (n[1]/env.scenario.number_charge_levels) * 100 for n in env.nodes) >= initial_charge_in_system)
  File "src/gurobipy/model.pxi", line 3668, in gurobipy.Model.addConstr
TypeError: unsupported operand type(s) for -: 'bool' and 'NoneType'
wandb: Waiting for W&B process to finish... (failed 1). Press Control-C to abort syncing.
wandb: - 0.004 MB of 0.004 MB uploaded (0.000 MB deduped)wandb: \ 0.004 MB of 0.014 MB uploaded (0.000 MB deduped)wandb: | 0.008 MB of 0.014 MB uploaded (0.000 MB deduped)wandb: 🚀 View run SF_mpc_horizon_1_entire_problem_../data/SF/10/SF_10.json_heuristic_graph_RL_approach_constraint_new at: https://wandb.ai/madronapixact/e-amod/runs/tvkk071h
wandb: ️⚡ View job at https://wandb.ai/madronapixact/e-amod/jobs/QXJ0aWZhY3RDb2xsZWN0aW9uOjE1MTQ2NjUzMw==/version_details/v19
wandb: Synced 6 W&B file(s), 0 media file(s), 0 artifact file(s) and 0 other file(s)
wandb: Find logs at: ./wandb/run-20240329_031624-tvkk071h/logs
wandb: Currently logged in as: aaryan04 (madronapixact). Use `wandb login --relogin` to force relogin
wandb: wandb version 0.16.5 is available!  To upgrade, please run:
wandb:  $ pip install wandb --upgrade
wandb: Tracking run with wandb version 0.15.8
wandb: Run data is saved locally in /home/groups/pavone/RL-EAMOD/private-RL-EAMOD-Personal/gnn-rl-for-eamod-main/mpc_baselines/wandb/run-20240329_031658-a3v7kxyr
wandb: Run `wandb offline` to turn off syncing.
wandb: Syncing run NY_mpc_horizon_2_entire_problem_../data/NY/10/NYC_10.json_heuristic_graph_RL_approach_constraint_new
wandb: ⭐️ View project at https://wandb.ai/madronapixact/e-amod
wandb: 🚀 View run at https://wandb.ai/madronapixact/e-amod/runs/a3v7kxyr
Traceback (most recent call last):
  File "/home/groups/pavone/RL-EAMOD/private-RL-EAMOD-Personal/gnn-rl-for-eamod-main/mpc_baselines/main_mpc.py", line 250, in <module>
    reb_time = env.scenario.rebTime[o, d][t]
KeyError: 0
wandb: Waiting for W&B process to finish... (failed 1). Press Control-C to abort syncing.
wandb: 
wandb: Run history:
wandb:     Avg.Time ▁
wandb:    Reb. Cost ▁
wandb:       Reward ▁
wandb: ServedDemand ▁
wandb: 
wandb: Run summary:
wandb:     Avg.Time 14.28323
wandb:    Reb. Cost 17658.40155
wandb:       Reward 243224.2128
wandb: ServedDemand 31053.97758
wandb: 
wandb: 🚀 View run NY_mpc_horizon_2_entire_problem_../data/NY/10/NYC_10.json_heuristic_graph_RL_approach_constraint_new at: https://wandb.ai/madronapixact/e-amod/runs/a3v7kxyr
wandb: ️⚡ View job at https://wandb.ai/madronapixact/e-amod/jobs/QXJ0aWZhY3RDb2xsZWN0aW9uOjE1MTQ2NjUzMw==/version_details/v20
wandb: Synced 6 W&B file(s), 0 media file(s), 2 artifact file(s) and 0 other file(s)
wandb: Find logs at: ./wandb/run-20240329_031658-a3v7kxyr/logs
wandb: Currently logged in as: aaryan04 (madronapixact). Use `wandb login --relogin` to force relogin
wandb: wandb version 0.16.5 is available!  To upgrade, please run:
wandb:  $ pip install wandb --upgrade
wandb: Tracking run with wandb version 0.15.8
wandb: Run data is saved locally in /home/groups/pavone/RL-EAMOD/private-RL-EAMOD-Personal/gnn-rl-for-eamod-main/mpc_baselines/wandb/run-20240329_032835-bcfflqyf
wandb: Run `wandb offline` to turn off syncing.
wandb: Syncing run SF_mpc_horizon_2_entire_problem_../data/SF/10/SF_10.json_heuristic_graph_RL_approach_constraint_new
wandb: ⭐️ View project at https://wandb.ai/madronapixact/e-amod
wandb: 🚀 View run at https://wandb.ai/madronapixact/e-amod/runs/bcfflqyf
Traceback (most recent call last):
  File "/home/groups/pavone/RL-EAMOD/private-RL-EAMOD-Personal/gnn-rl-for-eamod-main/mpc_baselines/main_mpc.py", line 250, in <module>
    reb_time = env.scenario.rebTime[o, d][t]
KeyError: 0
wandb: Waiting for W&B process to finish... (failed 1). Press Control-C to abort syncing.
wandb: 
wandb: Run history:
wandb:     Avg.Time ▁
wandb:    Reb. Cost ▁
wandb:       Reward ▁
wandb: ServedDemand ▁
wandb: 
wandb: Run summary:
wandb:     Avg.Time 15.17091
wandb:    Reb. Cost 161925.96926
wandb:       Reward 1961831.80883
wandb: ServedDemand 346111.32126
wandb: 
wandb: 🚀 View run SF_mpc_horizon_2_entire_problem_../data/SF/10/SF_10.json_heuristic_graph_RL_approach_constraint_new at: https://wandb.ai/madronapixact/e-amod/runs/bcfflqyf
wandb: ️⚡ View job at https://wandb.ai/madronapixact/e-amod/jobs/QXJ0aWZhY3RDb2xsZWN0aW9uOjE1MTQ2NjUzMw==/version_details/v20
wandb: Synced 6 W&B file(s), 0 media file(s), 0 artifact file(s) and 0 other file(s)
wandb: Find logs at: ./wandb/run-20240329_032835-bcfflqyf/logs
Exception in thread ChkStopThr:
Traceback (most recent call last):
  File "/home/users/aaryan04/miniconda3/lib/python3.10/threading.py", line 1016, in _bootstrap_inner
    self.run()
  File "/home/users/aaryan04/miniconda3/lib/python3.10/threading.py", line 953, in run
    self._target(*self._args, **self._kwargs)
  File "/home/users/aaryan04/miniconda3/lib/python3.10/site-packages/wandb/sdk/wandb_run.py", line 274, in check_stop_status
    self._loop_check_status(
  File "/home/users/aaryan04/miniconda3/lib/python3.10/site-packages/wandb/sdk/wandb_run.py", line 212, in _loop_check_status
    local_handle = request()
  File "/home/users/aaryan04/miniconda3/lib/python3.10/site-packages/wandb/sdk/interface/interface.py", line 856, in deliver_stop_status
    return self._deliver_stop_status(status)
  File "/home/users/aaryan04/miniconda3/lib/python3.10/site-packages/wandb/sdk/interface/interface_shared.py", line 594, in _deliver_stop_status
    return self._deliver_record(record)
  File "/home/users/aaryan04/miniconda3/lib/python3.10/site-packages/wandb/sdk/interface/interface_shared.py", line 569, in _deliver_record
    handle = mailbox._deliver_record(record, interface=self)
  File "/home/users/aaryan04/miniconda3/lib/python3.10/site-packages/wandb/sdk/lib/mailbox.py", line 455, in _deliver_record
    interface._publish(record)
  File "/home/users/aaryan04/miniconda3/lib/python3.10/site-packages/wandb/sdk/interface/interface_sock.py", line 51, in _publish
    self._sock_client.send_record_publish(record)
  File "/home/users/aaryan04/miniconda3/lib/python3.10/site-packages/wandb/sdk/lib/sock_client.py", line 221, in send_record_publish
    self.send_server_request(server_req)
  File "/home/users/aaryan04/miniconda3/lib/python3.10/site-packages/wandb/sdk/lib/sock_client.py", line 155, in send_server_request
    self._send_message(msg)
  File "/home/users/aaryan04/miniconda3/lib/python3.10/site-packages/wandb/sdk/lib/sock_client.py", line 152, in _send_message
    self._sendall_with_error_handle(header + data)
  File "/home/users/aaryan04/miniconda3/lib/python3.10/site-packages/wandb/sdk/lib/sock_client.py", line 130, in _sendall_with_error_handle
    sent = self._sock.send(data)
BrokenPipeError: [Errno 32] Broken pipe
wandb: Currently logged in as: aaryan04 (madronapixact). Use `wandb login --relogin` to force relogin
wandb: wandb version 0.16.5 is available!  To upgrade, please run:
wandb:  $ pip install wandb --upgrade
wandb: Tracking run with wandb version 0.15.8
wandb: Run data is saved locally in /home/groups/pavone/RL-EAMOD/private-RL-EAMOD-Personal/gnn-rl-for-eamod-main/mpc_baselines/wandb/run-20240329_034053-1ictoe9n
wandb: Run `wandb offline` to turn off syncing.
wandb: Syncing run NY_mpc_horizon_48_entire_problem_../data/NY/10/NYC_10.json_heuristic_graph_RL_approach_constraint_new
wandb: ⭐️ View project at https://wandb.ai/madronapixact/e-amod
wandb: 🚀 View run at https://wandb.ai/madronapixact/e-amod/runs/1ictoe9n
Traceback (most recent call last):
  File "/home/groups/pavone/RL-EAMOD/private-RL-EAMOD-Personal/gnn-rl-for-eamod-main/mpc_baselines/main_mpc.py", line 250, in <module>
    reb_time = env.scenario.rebTime[o, d][t]
KeyError: 0
wandb: Waiting for W&B process to finish... (failed 1). Press Control-C to abort syncing.
wandb: 
wandb: Run history:
wandb:     Avg.Time ▁
wandb:    Reb. Cost ▁
wandb:       Reward ▁
wandb: ServedDemand ▁
wandb: 
wandb: Run summary:
wandb:     Avg.Time 373.32837
wandb:    Reb. Cost 17635.11314
wandb:       Reward 272480.41681
wandb: ServedDemand 34186.70343
wandb: 
wandb: 🚀 View run NY_mpc_horizon_48_entire_problem_../data/NY/10/NYC_10.json_heuristic_graph_RL_approach_constraint_new at: https://wandb.ai/madronapixact/e-amod/runs/1ictoe9n
wandb: ️⚡ View job at https://wandb.ai/madronapixact/e-amod/jobs/QXJ0aWZhY3RDb2xsZWN0aW9uOjE1MTQ2NjUzMw==/version_details/v20
wandb: Synced 6 W&B file(s), 0 media file(s), 0 artifact file(s) and 0 other file(s)
wandb: Find logs at: ./wandb/run-20240329_034053-1ictoe9n/logs
wandb: Currently logged in as: aaryan04 (madronapixact). Use `wandb login --relogin` to force relogin
wandb: wandb version 0.16.5 is available!  To upgrade, please run:
wandb:  $ pip install wandb --upgrade
wandb: Tracking run with wandb version 0.15.8
wandb: Run data is saved locally in /home/groups/pavone/RL-EAMOD/private-RL-EAMOD-Personal/gnn-rl-for-eamod-main/mpc_baselines/wandb/run-20240329_034731-b50qjkjl
wandb: Run `wandb offline` to turn off syncing.
wandb: Syncing run SF_mpc_horizon_48_entire_problem_../data/SF/10/SF_10.json_heuristic_graph_RL_approach_constraint_new
wandb: ⭐️ View project at https://wandb.ai/madronapixact/e-amod
wandb: 🚀 View run at https://wandb.ai/madronapixact/e-amod/runs/b50qjkjl
Traceback (most recent call last):
  File "/home/groups/pavone/RL-EAMOD/private-RL-EAMOD-Personal/gnn-rl-for-eamod-main/mpc_baselines/main_mpc.py", line 250, in <module>
    reb_time = env.scenario.rebTime[o, d][t]
KeyError: 0
wandb: Waiting for W&B process to finish... (failed 1). Press Control-C to abort syncing.
wandb: 
wandb: Run history:
wandb:     Avg.Time ▁
wandb:    Reb. Cost ▁
wandb:       Reward ▁
wandb: ServedDemand ▁
wandb: 
wandb: Run summary:
wandb:     Avg.Time 411.16974
wandb:    Reb. Cost 147811.49355
wandb:       Reward 2105279.60796
wandb: ServedDemand 367735.66328
wandb: 
wandb: 🚀 View run SF_mpc_horizon_48_entire_problem_../data/SF/10/SF_10.json_heuristic_graph_RL_approach_constraint_new at: https://wandb.ai/madronapixact/e-amod/runs/b50qjkjl
wandb: ️⚡ View job at https://wandb.ai/madronapixact/e-amod/jobs/QXJ0aWZhY3RDb2xsZWN0aW9uOjE1MTQ2NjUzMw==/version_details/v20
wandb: Synced 6 W&B file(s), 0 media file(s), 0 artifact file(s) and 0 other file(s)
wandb: Find logs at: ./wandb/run-20240329_034731-b50qjkjl/logs
wandb: Currently logged in as: aaryan04 (madronapixact). Use `wandb login --relogin` to force relogin
wandb: wandb version 0.16.5 is available!  To upgrade, please run:
wandb:  $ pip install wandb --upgrade
wandb: Tracking run with wandb version 0.15.8
wandb: Run data is saved locally in /home/groups/pavone/RL-EAMOD/private-RL-EAMOD-Personal/gnn-rl-for-eamod-main/mpc_baselines/wandb/run-20240329_035448-enns4j7o
wandb: Run `wandb offline` to turn off syncing.
wandb: Syncing run NY_mpc_horizon_1_entire_problem_../data/NY/15/NYC_15.json_heuristic_graph_RL_approach_constraint_new
wandb: ⭐️ View project at https://wandb.ai/madronapixact/e-amod
wandb: 🚀 View run at https://wandb.ai/madronapixact/e-amod/runs/enns4j7o
Traceback (most recent call last):
  File "/home/groups/pavone/RL-EAMOD/private-RL-EAMOD-Personal/gnn-rl-for-eamod-main/mpc_baselines/main_mpc.py", line 206, in <module>
    paxAction, rebAction = mpc.MPC_exact()
  File "/home/groups/pavone/RL-EAMOD/private-RL-EAMOD-Personal/gnn-rl-for-eamod-main/mpc_baselines/MPC.py", line 25, in MPC_exact
    paxAction, rebAction = solve_mpc(env=self.env, gurobi_env=self.gurobi_env, mpc_horizon=self.mpc_horizon, return_initial_state=self.return_to_initial_state, noisy=self.noisy)
  File "/home/groups/pavone/RL-EAMOD/private-RL-EAMOD-Personal/gnn-rl-for-eamod-main/mpc_baselines/MPC_gurobi.py", line 98, in solve_mpc
    m.addConstr(sum(acc[n][mpc_horizon - 1] * (n[1]/env.scenario.number_charge_levels) * 100 for n in env.nodes) >= initial_charge_in_system)
  File "src/gurobipy/model.pxi", line 3668, in gurobipy.Model.addConstr
TypeError: unsupported operand type(s) for -: 'bool' and 'NoneType'
wandb: Waiting for W&B process to finish... (failed 1). Press Control-C to abort syncing.
wandb: 🚀 View run NY_mpc_horizon_1_entire_problem_../data/NY/15/NYC_15.json_heuristic_graph_RL_approach_constraint_new at: https://wandb.ai/madronapixact/e-amod/runs/enns4j7o
wandb: ️⚡ View job at https://wandb.ai/madronapixact/e-amod/jobs/QXJ0aWZhY3RDb2xsZWN0aW9uOjE1MTQ2NjUzMw==/version_details/v21
wandb: Synced 6 W&B file(s), 0 media file(s), 2 artifact file(s) and 0 other file(s)
wandb: Find logs at: ./wandb/run-20240329_035448-enns4j7o/logs
wandb: Currently logged in as: aaryan04 (madronapixact). Use `wandb login --relogin` to force relogin
wandb: wandb version 0.16.5 is available!  To upgrade, please run:
wandb:  $ pip install wandb --upgrade
wandb: Tracking run with wandb version 0.15.8
wandb: Run data is saved locally in /home/groups/pavone/RL-EAMOD/private-RL-EAMOD-Personal/gnn-rl-for-eamod-main/mpc_baselines/wandb/run-20240329_035539-alxjnqlf
wandb: Run `wandb offline` to turn off syncing.
wandb: Syncing run SF_mpc_horizon_1_entire_problem_../data/SF/15/SF_15.json_heuristic_graph_RL_approach_constraint_new
wandb: ⭐️ View project at https://wandb.ai/madronapixact/e-amod
wandb: 🚀 View run at https://wandb.ai/madronapixact/e-amod/runs/alxjnqlf
Traceback (most recent call last):
  File "/home/groups/pavone/RL-EAMOD/private-RL-EAMOD-Personal/gnn-rl-for-eamod-main/mpc_baselines/main_mpc.py", line 206, in <module>
    paxAction, rebAction = mpc.MPC_exact()
  File "/home/groups/pavone/RL-EAMOD/private-RL-EAMOD-Personal/gnn-rl-for-eamod-main/mpc_baselines/MPC.py", line 25, in MPC_exact
    paxAction, rebAction = solve_mpc(env=self.env, gurobi_env=self.gurobi_env, mpc_horizon=self.mpc_horizon, return_initial_state=self.return_to_initial_state, noisy=self.noisy)
  File "/home/groups/pavone/RL-EAMOD/private-RL-EAMOD-Personal/gnn-rl-for-eamod-main/mpc_baselines/MPC_gurobi.py", line 98, in solve_mpc
    m.addConstr(sum(acc[n][mpc_horizon - 1] * (n[1]/env.scenario.number_charge_levels) * 100 for n in env.nodes) >= initial_charge_in_system)
  File "src/gurobipy/model.pxi", line 3668, in gurobipy.Model.addConstr
TypeError: unsupported operand type(s) for -: 'bool' and 'NoneType'
wandb: Waiting for W&B process to finish... (failed 1). Press Control-C to abort syncing.
wandb: 🚀 View run SF_mpc_horizon_1_entire_problem_../data/SF/15/SF_15.json_heuristic_graph_RL_approach_constraint_new at: https://wandb.ai/madronapixact/e-amod/runs/alxjnqlf
wandb: ️⚡ View job at https://wandb.ai/madronapixact/e-amod/jobs/QXJ0aWZhY3RDb2xsZWN0aW9uOjE1MTQ2NjUzMw==/version_details/v21
wandb: Synced 6 W&B file(s), 0 media file(s), 0 artifact file(s) and 0 other file(s)
wandb: Find logs at: ./wandb/run-20240329_035539-alxjnqlf/logs
wandb: Currently logged in as: aaryan04 (madronapixact). Use `wandb login --relogin` to force relogin
wandb: wandb version 0.16.5 is available!  To upgrade, please run:
wandb:  $ pip install wandb --upgrade
wandb: Tracking run with wandb version 0.15.8
wandb: Run data is saved locally in /home/groups/pavone/RL-EAMOD/private-RL-EAMOD-Personal/gnn-rl-for-eamod-main/mpc_baselines/wandb/run-20240329_035630-cvy3ppjm
wandb: Run `wandb offline` to turn off syncing.
wandb: Syncing run NY_mpc_horizon_2_entire_problem_../data/NY/15/NYC_15.json_heuristic_graph_RL_approach_constraint_new
wandb: ⭐️ View project at https://wandb.ai/madronapixact/e-amod
wandb: 🚀 View run at https://wandb.ai/madronapixact/e-amod/runs/cvy3ppjm
Traceback (most recent call last):
  File "/home/groups/pavone/RL-EAMOD/private-RL-EAMOD-Personal/gnn-rl-for-eamod-main/mpc_baselines/main_mpc.py", line 250, in <module>
    reb_time = env.scenario.rebTime[o, d][t]
KeyError: 0
wandb: Waiting for W&B process to finish... (failed 1). Press Control-C to abort syncing.
wandb: 
wandb: Run history:
wandb:     Avg.Time ▁
wandb:    Reb. Cost ▁
wandb:       Reward ▁
wandb: ServedDemand ▁
wandb: 
wandb: Run summary:
wandb:     Avg.Time 30.79004
wandb:    Reb. Cost 32132.72684
wandb:       Reward 444844.43502
wandb: ServedDemand 58304.89229
wandb: 
wandb: 🚀 View run NY_mpc_horizon_2_entire_problem_../data/NY/15/NYC_15.json_heuristic_graph_RL_approach_constraint_new at: https://wandb.ai/madronapixact/e-amod/runs/cvy3ppjm
wandb: ️⚡ View job at https://wandb.ai/madronapixact/e-amod/jobs/QXJ0aWZhY3RDb2xsZWN0aW9uOjE1MTQ2NjUzMw==/version_details/v22
wandb: Synced 6 W&B file(s), 0 media file(s), 2 artifact file(s) and 0 other file(s)
wandb: Find logs at: ./wandb/run-20240329_035630-cvy3ppjm/logs
wandb: Currently logged in as: aaryan04 (madronapixact). Use `wandb login --relogin` to force relogin
wandb: wandb version 0.16.5 is available!  To upgrade, please run:
wandb:  $ pip install wandb --upgrade
wandb: Tracking run with wandb version 0.15.8
wandb: Run data is saved locally in /home/groups/pavone/RL-EAMOD/private-RL-EAMOD-Personal/gnn-rl-for-eamod-main/mpc_baselines/wandb/run-20240329_042106-jnc23s3t
wandb: Run `wandb offline` to turn off syncing.
wandb: Syncing run SF_mpc_horizon_2_entire_problem_../data/SF/15/SF_15.json_heuristic_graph_RL_approach_constraint_new
wandb: ⭐️ View project at https://wandb.ai/madronapixact/e-amod
wandb: 🚀 View run at https://wandb.ai/madronapixact/e-amod/runs/jnc23s3t
Traceback (most recent call last):
  File "/home/groups/pavone/RL-EAMOD/private-RL-EAMOD-Personal/gnn-rl-for-eamod-main/mpc_baselines/main_mpc.py", line 250, in <module>
    reb_time = env.scenario.rebTime[o, d][t]
KeyError: 0
wandb: Waiting for W&B process to finish... (failed 1). Press Control-C to abort syncing.
wandb: 
wandb: Run history:
wandb:     Avg.Time ▁
wandb:    Reb. Cost ▁
wandb:       Reward ▁
wandb: ServedDemand ▁
wandb: 
wandb: Run summary:
wandb:     Avg.Time 33.25824
wandb:    Reb. Cost 215798.99602
wandb:       Reward 2733035.5064
wandb: ServedDemand 432292.94291
wandb: 
wandb: 🚀 View run SF_mpc_horizon_2_entire_problem_../data/SF/15/SF_15.json_heuristic_graph_RL_approach_constraint_new at: https://wandb.ai/madronapixact/e-amod/runs/jnc23s3t
wandb: ️⚡ View job at https://wandb.ai/madronapixact/e-amod/jobs/QXJ0aWZhY3RDb2xsZWN0aW9uOjE1MTQ2NjUzMw==/version_details/v22
wandb: Synced 6 W&B file(s), 0 media file(s), 0 artifact file(s) and 0 other file(s)
wandb: Find logs at: ./wandb/run-20240329_042106-jnc23s3t/logs
wandb: Currently logged in as: aaryan04 (madronapixact). Use `wandb login --relogin` to force relogin
wandb: wandb version 0.16.5 is available!  To upgrade, please run:
wandb:  $ pip install wandb --upgrade
wandb: Tracking run with wandb version 0.15.8
wandb: Run data is saved locally in /home/groups/pavone/RL-EAMOD/private-RL-EAMOD-Personal/gnn-rl-for-eamod-main/mpc_baselines/wandb/run-20240329_044737-xmlmhjba
wandb: Run `wandb offline` to turn off syncing.
wandb: Syncing run NY_mpc_horizon_48_entire_problem_../data/NY/15/NYC_15.json_heuristic_graph_RL_approach_constraint_new
wandb: ⭐️ View project at https://wandb.ai/madronapixact/e-amod
wandb: 🚀 View run at https://wandb.ai/madronapixact/e-amod/runs/xmlmhjba
Traceback (most recent call last):
  File "/home/groups/pavone/RL-EAMOD/private-RL-EAMOD-Personal/gnn-rl-for-eamod-main/mpc_baselines/main_mpc.py", line 250, in <module>
    reb_time = env.scenario.rebTime[o, d][t]
KeyError: 0
wandb: Waiting for W&B process to finish... (failed 1). Press Control-C to abort syncing.
wandb: 
wandb: Run history:
wandb:     Avg.Time ▁
wandb:    Reb. Cost ▁
wandb:       Reward ▁
wandb: ServedDemand ▁
wandb: 
wandb: Run summary:
wandb:     Avg.Time 885.6768
wandb:    Reb. Cost 33646.57195
wandb:       Reward 491232.67481
wandb: ServedDemand 63518.34881
wandb: 
wandb: 🚀 View run NY_mpc_horizon_48_entire_problem_../data/NY/15/NYC_15.json_heuristic_graph_RL_approach_constraint_new at: https://wandb.ai/madronapixact/e-amod/runs/xmlmhjba
wandb: ️⚡ View job at https://wandb.ai/madronapixact/e-amod/jobs/QXJ0aWZhY3RDb2xsZWN0aW9uOjE1MTQ2NjUzMw==/version_details/v22
wandb: Synced 6 W&B file(s), 0 media file(s), 0 artifact file(s) and 0 other file(s)
wandb: Find logs at: ./wandb/run-20240329_044737-xmlmhjba/logs
wandb: Currently logged in as: aaryan04 (madronapixact). Use `wandb login --relogin` to force relogin
wandb: wandb version 0.16.5 is available!  To upgrade, please run:
wandb:  $ pip install wandb --upgrade
wandb: Tracking run with wandb version 0.15.8
wandb: Run data is saved locally in /home/groups/pavone/RL-EAMOD/private-RL-EAMOD-Personal/gnn-rl-for-eamod-main/mpc_baselines/wandb/run-20240329_050251-5lzzzxk1
wandb: Run `wandb offline` to turn off syncing.
wandb: Syncing run SF_mpc_horizon_48_entire_problem_../data/SF/15/SF_15.json_heuristic_graph_RL_approach_constraint_new
wandb: ⭐️ View project at https://wandb.ai/madronapixact/e-amod
wandb: 🚀 View run at https://wandb.ai/madronapixact/e-amod/runs/5lzzzxk1
Traceback (most recent call last):
  File "/home/groups/pavone/RL-EAMOD/private-RL-EAMOD-Personal/gnn-rl-for-eamod-main/mpc_baselines/main_mpc.py", line 250, in <module>
    reb_time = env.scenario.rebTime[o, d][t]
KeyError: 0
wandb: Waiting for W&B process to finish... (failed 1). Press Control-C to abort syncing.
wandb: 
wandb: Run history:
wandb:     Avg.Time ▁
wandb:    Reb. Cost ▁
wandb:       Reward ▁
wandb: ServedDemand ▁
wandb: 
wandb: Run summary:
wandb:     Avg.Time 938.64362
wandb:    Reb. Cost 206640.75663
wandb:       Reward 3329312.01847
wandb: ServedDemand 521288.72417
wandb: 
wandb: 🚀 View run SF_mpc_horizon_48_entire_problem_../data/SF/15/SF_15.json_heuristic_graph_RL_approach_constraint_new at: https://wandb.ai/madronapixact/e-amod/runs/5lzzzxk1
wandb: ️⚡ View job at https://wandb.ai/madronapixact/e-amod/jobs/QXJ0aWZhY3RDb2xsZWN0aW9uOjE1MTQ2NjUzMw==/version_details/v22
wandb: Synced 6 W&B file(s), 0 media file(s), 0 artifact file(s) and 0 other file(s)
wandb: Find logs at: ./wandb/run-20240329_050251-5lzzzxk1/logs
wandb: Currently logged in as: aaryan04 (madronapixact). Use `wandb login --relogin` to force relogin
wandb: wandb version 0.16.5 is available!  To upgrade, please run:
wandb:  $ pip install wandb --upgrade
wandb: Tracking run with wandb version 0.15.8
wandb: Run data is saved locally in /home/groups/pavone/RL-EAMOD/private-RL-EAMOD-Personal/gnn-rl-for-eamod-main/mpc_baselines/wandb/run-20240329_051904-g6cs4tcr
wandb: Run `wandb offline` to turn off syncing.
wandb: Syncing run NY_mpc_horizon_1_entire_problem_../data/NY/20/NYC_20.json_heuristic_graph_RL_approach_constraint_new
wandb: ⭐️ View project at https://wandb.ai/madronapixact/e-amod
wandb: 🚀 View run at https://wandb.ai/madronapixact/e-amod/runs/g6cs4tcr
Traceback (most recent call last):
  File "/home/groups/pavone/RL-EAMOD/private-RL-EAMOD-Personal/gnn-rl-for-eamod-main/mpc_baselines/main_mpc.py", line 206, in <module>
    paxAction, rebAction = mpc.MPC_exact()
  File "/home/groups/pavone/RL-EAMOD/private-RL-EAMOD-Personal/gnn-rl-for-eamod-main/mpc_baselines/MPC.py", line 25, in MPC_exact
    paxAction, rebAction = solve_mpc(env=self.env, gurobi_env=self.gurobi_env, mpc_horizon=self.mpc_horizon, return_initial_state=self.return_to_initial_state, noisy=self.noisy)
  File "/home/groups/pavone/RL-EAMOD/private-RL-EAMOD-Personal/gnn-rl-for-eamod-main/mpc_baselines/MPC_gurobi.py", line 98, in solve_mpc
    m.addConstr(sum(acc[n][mpc_horizon - 1] * (n[1]/env.scenario.number_charge_levels) * 100 for n in env.nodes) >= initial_charge_in_system)
  File "src/gurobipy/model.pxi", line 3668, in gurobipy.Model.addConstr
TypeError: unsupported operand type(s) for -: 'bool' and 'NoneType'
wandb: Waiting for W&B process to finish... (failed 1). Press Control-C to abort syncing.
wandb: 🚀 View run NY_mpc_horizon_1_entire_problem_../data/NY/20/NYC_20.json_heuristic_graph_RL_approach_constraint_new at: https://wandb.ai/madronapixact/e-amod/runs/g6cs4tcr
wandb: ️⚡ View job at https://wandb.ai/madronapixact/e-amod/jobs/QXJ0aWZhY3RDb2xsZWN0aW9uOjE1MTQ2NjUzMw==/version_details/v23
wandb: Synced 6 W&B file(s), 0 media file(s), 2 artifact file(s) and 0 other file(s)
wandb: Find logs at: ./wandb/run-20240329_051904-g6cs4tcr/logs
wandb: Currently logged in as: aaryan04 (madronapixact). Use `wandb login --relogin` to force relogin
wandb: wandb version 0.16.5 is available!  To upgrade, please run:
wandb:  $ pip install wandb --upgrade
wandb: Tracking run with wandb version 0.15.8
wandb: Run data is saved locally in /home/groups/pavone/RL-EAMOD/private-RL-EAMOD-Personal/gnn-rl-for-eamod-main/mpc_baselines/wandb/run-20240329_052019-6rfpxka8
wandb: Run `wandb offline` to turn off syncing.
wandb: Syncing run SF_mpc_horizon_1_entire_problem_../data/SF/20/SF_20.json_heuristic_graph_RL_approach_constraint_new
wandb: ⭐️ View project at https://wandb.ai/madronapixact/e-amod
wandb: 🚀 View run at https://wandb.ai/madronapixact/e-amod/runs/6rfpxka8
Traceback (most recent call last):
  File "/home/groups/pavone/RL-EAMOD/private-RL-EAMOD-Personal/gnn-rl-for-eamod-main/mpc_baselines/main_mpc.py", line 206, in <module>
    paxAction, rebAction = mpc.MPC_exact()
  File "/home/groups/pavone/RL-EAMOD/private-RL-EAMOD-Personal/gnn-rl-for-eamod-main/mpc_baselines/MPC.py", line 25, in MPC_exact
    paxAction, rebAction = solve_mpc(env=self.env, gurobi_env=self.gurobi_env, mpc_horizon=self.mpc_horizon, return_initial_state=self.return_to_initial_state, noisy=self.noisy)
  File "/home/groups/pavone/RL-EAMOD/private-RL-EAMOD-Personal/gnn-rl-for-eamod-main/mpc_baselines/MPC_gurobi.py", line 98, in solve_mpc
    m.addConstr(sum(acc[n][mpc_horizon - 1] * (n[1]/env.scenario.number_charge_levels) * 100 for n in env.nodes) >= initial_charge_in_system)
  File "src/gurobipy/model.pxi", line 3668, in gurobipy.Model.addConstr
TypeError: unsupported operand type(s) for -: 'bool' and 'NoneType'
wandb: Waiting for W&B process to finish... (failed 1). Press Control-C to abort syncing.
wandb: 🚀 View run SF_mpc_horizon_1_entire_problem_../data/SF/20/SF_20.json_heuristic_graph_RL_approach_constraint_new at: https://wandb.ai/madronapixact/e-amod/runs/6rfpxka8
wandb: ️⚡ View job at https://wandb.ai/madronapixact/e-amod/jobs/QXJ0aWZhY3RDb2xsZWN0aW9uOjE1MTQ2NjUzMw==/version_details/v23
wandb: Synced 6 W&B file(s), 0 media file(s), 0 artifact file(s) and 0 other file(s)
wandb: Find logs at: ./wandb/run-20240329_052019-6rfpxka8/logs
wandb: Currently logged in as: aaryan04 (madronapixact). Use `wandb login --relogin` to force relogin
wandb: wandb version 0.16.5 is available!  To upgrade, please run:
wandb:  $ pip install wandb --upgrade
wandb: Tracking run with wandb version 0.15.8
wandb: Run data is saved locally in /home/groups/pavone/RL-EAMOD/private-RL-EAMOD-Personal/gnn-rl-for-eamod-main/mpc_baselines/wandb/run-20240329_052136-pm09847e
wandb: Run `wandb offline` to turn off syncing.
wandb: Syncing run NY_mpc_horizon_2_entire_problem_../data/NY/20/NYC_20.json_heuristic_graph_RL_approach_constraint_new
wandb: ⭐️ View project at https://wandb.ai/madronapixact/e-amod
wandb: 🚀 View run at https://wandb.ai/madronapixact/e-amod/runs/pm09847e
Traceback (most recent call last):
  File "/home/groups/pavone/RL-EAMOD/private-RL-EAMOD-Personal/gnn-rl-for-eamod-main/mpc_baselines/main_mpc.py", line 250, in <module>
    reb_time = env.scenario.rebTime[o, d][t]
KeyError: 0
wandb: Waiting for W&B process to finish... (failed 1). Press Control-C to abort syncing.
wandb: 
wandb: Run history:
wandb:     Avg.Time ▁
wandb:    Reb. Cost ▁
wandb:       Reward ▁
wandb: ServedDemand ▁
wandb: 
wandb: Run summary:
wandb:     Avg.Time 54.96423
wandb:    Reb. Cost 42201.97529
wandb:       Reward 778955.83773
wandb: ServedDemand 98116.65399
wandb: 
wandb: 🚀 View run NY_mpc_horizon_2_entire_problem_../data/NY/20/NYC_20.json_heuristic_graph_RL_approach_constraint_new at: https://wandb.ai/madronapixact/e-amod/runs/pm09847e
wandb: ️⚡ View job at https://wandb.ai/madronapixact/e-amod/jobs/QXJ0aWZhY3RDb2xsZWN0aW9uOjE1MTQ2NjUzMw==/version_details/v24
wandb: Synced 6 W&B file(s), 0 media file(s), 2 artifact file(s) and 0 other file(s)
wandb: Find logs at: ./wandb/run-20240329_052136-pm09847e/logs
wandb: Currently logged in as: aaryan04 (madronapixact). Use `wandb login --relogin` to force relogin
wandb: wandb version 0.16.5 is available!  To upgrade, please run:
wandb:  $ pip install wandb --upgrade
wandb: Tracking run with wandb version 0.15.8
wandb: Run data is saved locally in /home/groups/pavone/RL-EAMOD/private-RL-EAMOD-Personal/gnn-rl-for-eamod-main/mpc_baselines/wandb/run-20240329_060513-4e6znytq
wandb: Run `wandb offline` to turn off syncing.
wandb: Syncing run SF_mpc_horizon_2_entire_problem_../data/SF/20/SF_20.json_heuristic_graph_RL_approach_constraint_new
wandb: ⭐️ View project at https://wandb.ai/madronapixact/e-amod
wandb: 🚀 View run at https://wandb.ai/madronapixact/e-amod/runs/4e6znytq
Traceback (most recent call last):
  File "/home/groups/pavone/RL-EAMOD/private-RL-EAMOD-Personal/gnn-rl-for-eamod-main/mpc_baselines/main_mpc.py", line 250, in <module>
    reb_time = env.scenario.rebTime[o, d][t]
KeyError: 0
wandb: Waiting for W&B process to finish... (failed 1). Press Control-C to abort syncing.
wandb: 
wandb: Run history:
wandb:     Avg.Time ▁
wandb:    Reb. Cost ▁
wandb:       Reward ▁
wandb: ServedDemand ▁
wandb: 
wandb: Run summary:
wandb:     Avg.Time 57.77101
wandb:    Reb. Cost 257508.69852
wandb:       Reward 4355336.38949
wandb: ServedDemand 669565.21068
wandb: 
wandb: 🚀 View run SF_mpc_horizon_2_entire_problem_../data/SF/20/SF_20.json_heuristic_graph_RL_approach_constraint_new at: https://wandb.ai/madronapixact/e-amod/runs/4e6znytq
wandb: ️⚡ View job at https://wandb.ai/madronapixact/e-amod/jobs/QXJ0aWZhY3RDb2xsZWN0aW9uOjE1MTQ2NjUzMw==/version_details/v24
wandb: Synced 6 W&B file(s), 0 media file(s), 0 artifact file(s) and 0 other file(s)
wandb: Find logs at: ./wandb/run-20240329_060513-4e6znytq/logs
wandb: Currently logged in as: aaryan04 (madronapixact). Use `wandb login --relogin` to force relogin
wandb: wandb version 0.16.5 is available!  To upgrade, please run:
wandb:  $ pip install wandb --upgrade
wandb: Tracking run with wandb version 0.15.8
wandb: Run data is saved locally in /home/groups/pavone/RL-EAMOD/private-RL-EAMOD-Personal/gnn-rl-for-eamod-main/mpc_baselines/wandb/run-20240329_065101-tnas1lum
wandb: Run `wandb offline` to turn off syncing.
wandb: Syncing run NY_mpc_horizon_48_entire_problem_../data/NY/20/NYC_20.json_heuristic_graph_RL_approach_constraint_new
wandb: ⭐️ View project at https://wandb.ai/madronapixact/e-amod
wandb: 🚀 View run at https://wandb.ai/madronapixact/e-amod/runs/tnas1lum
Traceback (most recent call last):
  File "/home/groups/pavone/RL-EAMOD/private-RL-EAMOD-Personal/gnn-rl-for-eamod-main/mpc_baselines/main_mpc.py", line 250, in <module>
    reb_time = env.scenario.rebTime[o, d][t]
KeyError: 0
wandb: Waiting for W&B process to finish... (failed 1). Press Control-C to abort syncing.
wandb: 
wandb: Run history:
wandb:     Avg.Time ▁
wandb:    Reb. Cost ▁
wandb:       Reward ▁
wandb: ServedDemand ▁
wandb: 
wandb: Run summary:
wandb:     Avg.Time 1535.41451
wandb:    Reb. Cost 47515.49309
wandb:       Reward 873922.98041
wandb: ServedDemand 110083.47846
wandb: 
wandb: 🚀 View run NY_mpc_horizon_48_entire_problem_../data/NY/20/NYC_20.json_heuristic_graph_RL_approach_constraint_new at: https://wandb.ai/madronapixact/e-amod/runs/tnas1lum
wandb: ️⚡ View job at https://wandb.ai/madronapixact/e-amod/jobs/QXJ0aWZhY3RDb2xsZWN0aW9uOjE1MTQ2NjUzMw==/version_details/v24
wandb: Synced 6 W&B file(s), 0 media file(s), 0 artifact file(s) and 0 other file(s)
wandb: Find logs at: ./wandb/run-20240329_065101-tnas1lum/logs
Exception in thread ChkStopThr:
Traceback (most recent call last):
  File "/home/users/aaryan04/miniconda3/lib/python3.10/threading.py", line 1016, in _bootstrap_inner
    self.run()
  File "/home/users/aaryan04/miniconda3/lib/python3.10/threading.py", line 953, in run
    self._target(*self._args, **self._kwargs)
  File "/home/users/aaryan04/miniconda3/lib/python3.10/site-packages/wandb/sdk/wandb_run.py", line 274, in check_stop_status
    self._loop_check_status(
  File "/home/users/aaryan04/miniconda3/lib/python3.10/site-packages/wandb/sdk/wandb_run.py", line 212, in _loop_check_status
    local_handle = request()
  File "/home/users/aaryan04/miniconda3/lib/python3.10/site-packages/wandb/sdk/interface/interface.py", line 856, in deliver_stop_status
    return self._deliver_stop_status(status)
  File "/home/users/aaryan04/miniconda3/lib/python3.10/site-packages/wandb/sdk/interface/interface_shared.py", line 594, in _deliver_stop_status
    return self._deliver_record(record)
  File "/home/users/aaryan04/miniconda3/lib/python3.10/site-packages/wandb/sdk/interface/interface_shared.py", line 569, in _deliver_record
    handle = mailbox._deliver_record(record, interface=self)
  File "/home/users/aaryan04/miniconda3/lib/python3.10/site-packages/wandb/sdk/lib/mailbox.py", line 455, in _deliver_record
    interface._publish(record)
  File "/home/users/aaryan04/miniconda3/lib/python3.10/site-packages/wandb/sdk/interface/interface_sock.py", line 51, in _publish
    self._sock_client.send_record_publish(record)
  File "/home/users/aaryan04/miniconda3/lib/python3.10/site-packages/wandb/sdk/lib/sock_client.py", line 221, in send_record_publish
    self.send_server_request(server_req)
  File "/home/users/aaryan04/miniconda3/lib/python3.10/site-packages/wandb/sdk/lib/sock_client.py", line 155, in send_server_request
    self._send_message(msg)
  File "/home/users/aaryan04/miniconda3/lib/python3.10/site-packages/wandb/sdk/lib/sock_client.py", line 152, in _send_message
    self._sendall_with_error_handle(header + data)
  File "/home/users/aaryan04/miniconda3/lib/python3.10/site-packages/wandb/sdk/lib/sock_client.py", line 130, in _sendall_with_error_handle
    sent = self._sock.send(data)
BrokenPipeError: [Errno 32] Broken pipe
wandb: Currently logged in as: aaryan04 (madronapixact). Use `wandb login --relogin` to force relogin
wandb: wandb version 0.16.5 is available!  To upgrade, please run:
wandb:  $ pip install wandb --upgrade
wandb: Tracking run with wandb version 0.15.8
wandb: Run data is saved locally in /home/groups/pavone/RL-EAMOD/private-RL-EAMOD-Personal/gnn-rl-for-eamod-main/mpc_baselines/wandb/run-20240329_071709-7h16osrg
wandb: Run `wandb offline` to turn off syncing.
wandb: Syncing run SF_mpc_horizon_48_entire_problem_../data/SF/20/SF_20.json_heuristic_graph_RL_approach_constraint_new
wandb: ⭐️ View project at https://wandb.ai/madronapixact/e-amod
wandb: 🚀 View run at https://wandb.ai/madronapixact/e-amod/runs/7h16osrg
Traceback (most recent call last):
  File "/home/groups/pavone/RL-EAMOD/private-RL-EAMOD-Personal/gnn-rl-for-eamod-main/mpc_baselines/main_mpc.py", line 250, in <module>
    reb_time = env.scenario.rebTime[o, d][t]
KeyError: 0
wandb: Waiting for W&B process to finish... (failed 1). Press Control-C to abort syncing.
wandb: 
wandb: Run history:
wandb:     Avg.Time ▁
wandb:    Reb. Cost ▁
wandb:       Reward ▁
wandb: ServedDemand ▁
wandb: 
wandb: Run summary:
wandb:     Avg.Time 1744.1907
wandb:    Reb. Cost 259586.43631
wandb:       Reward 5002583.83104
wandb: ServedDemand 766062.64297
wandb: 
wandb: 🚀 View run SF_mpc_horizon_48_entire_problem_../data/SF/20/SF_20.json_heuristic_graph_RL_approach_constraint_new at: https://wandb.ai/madronapixact/e-amod/runs/7h16osrg
wandb: ️⚡ View job at https://wandb.ai/madronapixact/e-amod/jobs/QXJ0aWZhY3RDb2xsZWN0aW9uOjE1MTQ2NjUzMw==/version_details/v24
wandb: Synced 6 W&B file(s), 0 media file(s), 0 artifact file(s) and 0 other file(s)
wandb: Find logs at: ./wandb/run-20240329_071709-7h16osrg/logs
