wandb: Currently logged in as: aaryan04 (madronapixact). Use `wandb login --relogin` to force relogin
wandb: wandb version 0.16.5 is available!  To upgrade, please run:
wandb:  $ pip install wandb --upgrade
wandb: Tracking run with wandb version 0.15.8
wandb: Run data is saved locally in /home/groups/pavone/RL-EAMOD/private-RL-EAMOD-Personal/gnn-rl-for-eamod-main/mpc_baselines/wandb/run-20240326_165128-r327m21b
wandb: Run `wandb offline` to turn off syncing.
wandb: Syncing run NY_mpc_horizon_3_entire_problem_../data/NY/5/NYC_5.json_heuristic_graph_RL_approach_constraint_new
wandb: ⭐️ View project at https://wandb.ai/madronapixact/e-amod
wandb: 🚀 View run at https://wandb.ai/madronapixact/e-amod/runs/r327m21b
Traceback (most recent call last):
  File "/home/groups/pavone/RL-EAMOD/private-RL-EAMOD-Personal/gnn-rl-for-eamod-main/mpc_baselines/main_mpc.py", line 250, in <module>
    reb_time = env.scenario.rebTime[o, d][t]
KeyError: 0
wandb: Waiting for W&B process to finish... (failed 1). Press Control-C to abort syncing.
wandb: 
wandb: Run history:
wandb:     Avg.Time ▁
wandb:    Reb. Cost ▁
wandb:       Reward ▁
wandb: ServedDemand ▁
wandb: 
wandb: Run summary:
wandb:     Avg.Time 7.09129
wandb:    Reb. Cost 4250.64493
wandb:       Reward 78661.99091
wandb: ServedDemand 10117.06189
wandb: 
wandb: 🚀 View run NY_mpc_horizon_3_entire_problem_../data/NY/5/NYC_5.json_heuristic_graph_RL_approach_constraint_new at: https://wandb.ai/madronapixact/e-amod/runs/r327m21b
wandb: ️⚡ View job at https://wandb.ai/madronapixact/e-amod/jobs/QXJ0aWZhY3RDb2xsZWN0aW9uOjE1MTQ2NjUzMw==/version_details/v15
wandb: Synced 6 W&B file(s), 0 media file(s), 2 artifact file(s) and 0 other file(s)
wandb: Find logs at: ./wandb/run-20240326_165128-r327m21b/logs
wandb: Currently logged in as: aaryan04 (madronapixact). Use `wandb login --relogin` to force relogin
wandb: wandb version 0.16.5 is available!  To upgrade, please run:
wandb:  $ pip install wandb --upgrade
wandb: Tracking run with wandb version 0.15.8
wandb: Run data is saved locally in /home/groups/pavone/RL-EAMOD/private-RL-EAMOD-Personal/gnn-rl-for-eamod-main/mpc_baselines/wandb/run-20240326_165720-aay2ql3i
wandb: Run `wandb offline` to turn off syncing.
wandb: Syncing run SF_mpc_horizon_3_entire_problem_../data/SF/5/SF_5.json_heuristic_graph_RL_approach_constraint_new
wandb: ⭐️ View project at https://wandb.ai/madronapixact/e-amod
wandb: 🚀 View run at https://wandb.ai/madronapixact/e-amod/runs/aay2ql3i
Traceback (most recent call last):
  File "/home/groups/pavone/RL-EAMOD/private-RL-EAMOD-Personal/gnn-rl-for-eamod-main/mpc_baselines/main_mpc.py", line 250, in <module>
    reb_time = env.scenario.rebTime[o, d][t]
KeyError: 0
wandb: Waiting for W&B process to finish... (failed 1). Press Control-C to abort syncing.
wandb: 
wandb: Run history:
wandb:     Avg.Time ▁
wandb:    Reb. Cost ▁
wandb:       Reward ▁
wandb: ServedDemand ▁
wandb: 
wandb: Run summary:
wandb:     Avg.Time 7.2267
wandb:    Reb. Cost 49876.36799
wandb:       Reward 892275.48525
wandb: ServedDemand 154572.84676
wandb: 
wandb: 🚀 View run SF_mpc_horizon_3_entire_problem_../data/SF/5/SF_5.json_heuristic_graph_RL_approach_constraint_new at: https://wandb.ai/madronapixact/e-amod/runs/aay2ql3i
wandb: ️⚡ View job at https://wandb.ai/madronapixact/e-amod/jobs/QXJ0aWZhY3RDb2xsZWN0aW9uOjE1MTQ2NjUzMw==/version_details/v15
wandb: Synced 6 W&B file(s), 0 media file(s), 0 artifact file(s) and 0 other file(s)
wandb: Find logs at: ./wandb/run-20240326_165720-aay2ql3i/logs
wandb: Currently logged in as: aaryan04 (madronapixact). Use `wandb login --relogin` to force relogin
wandb: wandb version 0.16.5 is available!  To upgrade, please run:
wandb:  $ pip install wandb --upgrade
wandb: Tracking run with wandb version 0.15.8
wandb: Run data is saved locally in /home/groups/pavone/RL-EAMOD/private-RL-EAMOD-Personal/gnn-rl-for-eamod-main/mpc_baselines/wandb/run-20240326_170316-gl2wkbyo
wandb: Run `wandb offline` to turn off syncing.
wandb: Syncing run NY_mpc_horizon_4_entire_problem_../data/NY/5/NYC_5.json_heuristic_graph_RL_approach_constraint_new
wandb: ⭐️ View project at https://wandb.ai/madronapixact/e-amod
wandb: 🚀 View run at https://wandb.ai/madronapixact/e-amod/runs/gl2wkbyo
Traceback (most recent call last):
  File "/home/groups/pavone/RL-EAMOD/private-RL-EAMOD-Personal/gnn-rl-for-eamod-main/mpc_baselines/main_mpc.py", line 250, in <module>
    reb_time = env.scenario.rebTime[o, d][t]
KeyError: 0
wandb: Waiting for W&B process to finish... (failed 1). Press Control-C to abort syncing.
wandb: 
wandb: Run history:
wandb:     Avg.Time ▁
wandb:    Reb. Cost ▁
wandb:       Reward ▁
wandb: ServedDemand ▁
wandb: 
wandb: Run summary:
wandb:     Avg.Time 9.60285
wandb:    Reb. Cost 4320.08607
wandb:       Reward 80514.72083
wandb: ServedDemand 10367.40137
wandb: 
wandb: 🚀 View run NY_mpc_horizon_4_entire_problem_../data/NY/5/NYC_5.json_heuristic_graph_RL_approach_constraint_new at: https://wandb.ai/madronapixact/e-amod/runs/gl2wkbyo
wandb: ️⚡ View job at https://wandb.ai/madronapixact/e-amod/jobs/QXJ0aWZhY3RDb2xsZWN0aW9uOjE1MTQ2NjUzMw==/version_details/v15
wandb: Synced 6 W&B file(s), 0 media file(s), 0 artifact file(s) and 0 other file(s)
wandb: Find logs at: ./wandb/run-20240326_170316-gl2wkbyo/logs
wandb: Currently logged in as: aaryan04 (madronapixact). Use `wandb login --relogin` to force relogin
wandb: wandb version 0.16.5 is available!  To upgrade, please run:
wandb:  $ pip install wandb --upgrade
wandb: Tracking run with wandb version 0.15.8
wandb: Run data is saved locally in /home/groups/pavone/RL-EAMOD/private-RL-EAMOD-Personal/gnn-rl-for-eamod-main/mpc_baselines/wandb/run-20240326_171052-lvcc0q5a
wandb: Run `wandb offline` to turn off syncing.
wandb: Syncing run SF_mpc_horizon_4_entire_problem_../data/SF/5/SF_5.json_heuristic_graph_RL_approach_constraint_new
wandb: ⭐️ View project at https://wandb.ai/madronapixact/e-amod
wandb: 🚀 View run at https://wandb.ai/madronapixact/e-amod/runs/lvcc0q5a
Traceback (most recent call last):
  File "/home/groups/pavone/RL-EAMOD/private-RL-EAMOD-Personal/gnn-rl-for-eamod-main/mpc_baselines/main_mpc.py", line 250, in <module>
    reb_time = env.scenario.rebTime[o, d][t]
KeyError: 0
wandb: Waiting for W&B process to finish... (failed 1). Press Control-C to abort syncing.
wandb: 
wandb: Run history:
wandb:     Avg.Time ▁
wandb:    Reb. Cost ▁
wandb:       Reward ▁
wandb: ServedDemand ▁
wandb: 
wandb: Run summary:
wandb:     Avg.Time 9.71421
wandb:    Reb. Cost 53174.08776
wandb:       Reward 915490.26761
wandb: ServedDemand 159059.77904
wandb: 
wandb: 🚀 View run SF_mpc_horizon_4_entire_problem_../data/SF/5/SF_5.json_heuristic_graph_RL_approach_constraint_new at: https://wandb.ai/madronapixact/e-amod/runs/lvcc0q5a
wandb: ️⚡ View job at https://wandb.ai/madronapixact/e-amod/jobs/QXJ0aWZhY3RDb2xsZWN0aW9uOjE1MTQ2NjUzMw==/version_details/v15
wandb: Synced 6 W&B file(s), 0 media file(s), 0 artifact file(s) and 0 other file(s)
wandb: Find logs at: ./wandb/run-20240326_171052-lvcc0q5a/logs
